<?xml version="1.0" encoding="UTF-8" ?>
<testsuites disabled="0" errors="0" failures="2" tests="2" time="14.428">
 <testsuite name="Test Login form" timestamp="2018-09-08T15:09:25" hostname="localhost" time="7.536" errors="0" tests="1" skipped="0" disabled="0" failures="1">
  <testcase classname="Test Login form" name="User logs in unsuccessfully with invalid accounts" time="7.536">
   <failure type="toContain" message="Expected &apos;Login was unsuccessful. Please correct the errors and try again.
No customer account found&apos; to contain &apos;xxxxxxxxxxx&apos;."><![CDATA[Error: Failed expectation
    at AngularLoginPage.loginInvalidAccount (D:\WebStorm\Olympus\e2eTest\objectPages\LoginPage.js:27:52)
    at UserContext.<anonymous> (D:\WebStorm\Olympus\e2eTest\testCases\test.authentication.login.invalid.account.js:14:19)
    at C:\Users\Admin\AppData\Roaming\npm\node_modules\protractor\node_modules\jasminewd2\index.js:112:25
    at new ManagedPromise (C:\Users\Admin\AppData\Roaming\npm\node_modules\protractor\node_modules\selenium-webdriver\lib\promise.js:1077:7)
    at ControlFlow.promise (C:\Users\Admin\AppData\Roaming\npm\node_modules\protractor\node_modules\selenium-webdriver\lib\promise.js:2505:12)
    at schedulerExecute (C:\Users\Admin\AppData\Roaming\npm\node_modules\protractor\node_modules\jasminewd2\index.js:95:18)
    at TaskQueue.execute_ (C:\Users\Admin\AppData\Roaming\npm\node_modules\protractor\node_modules\selenium-webdriver\lib\promise.js:3084:14)
    at TaskQueue.executeNext_ (C:\Users\Admin\AppData\Roaming\npm\node_modules\protractor\node_modules\selenium-webdriver\lib\promise.js:3067:27)
    at asyncRun (C:\Users\Admin\AppData\Roaming\npm\node_modules\protractor\node_modules\selenium-webdriver\lib\promise.js:2927:27)]]>
   </failure>
  </testcase>
 </testsuite>
 <testsuite name="Test Login form" timestamp="2018-09-08T15:09:32" hostname="localhost" time="6.892" errors="0" tests="1" skipped="0" disabled="0" failures="1">
  <testcase classname="Test Login form" name="User logs in successfully with valid account" time="6.892">
   <failure type="exception" message="Error: ENOENT: no such file or directory, open &apos;D:\WebStorm\Olympus\e2eTest\src\.report\chrome-Test Login form User logs in unsuccessfully with invalid accounts.png&apos;"><![CDATA[Error: ENOENT: no such file or directory, open 'D:\WebStorm\Olympus\e2eTest\src\.report\chrome-Test Login form User logs in unsuccessfully with invalid accounts.png']]>
   </failure>
  </testcase>
 </testsuite>
</testsuites>